

*******************************************************************************
Sun Aug 22 00:24:12 2021


FIT:    data read from 'tmp_port_5.dat'
        format = z
        #datapoints = 10
        residuals are weighted equally (unit weight)

function used for fitting: f(x)
	f(x) = a+b*(x-x0)+c*(x-x0)**2+d*(x-x0)**3
fitted parameters initialized with current variable values

Warning: Initial value of parameter 'c' is zero.
iter      chisq       delta/lim  lambda   a             b             c            
   0 2.6890000000e-01   0.00e+00  5.28e+00    9.000000e+00  -2.000000e+00   1.000000e-30
BREAK: Singular matrix in Invert_RtR

*******************************************************************************
Sun Aug 22 00:24:15 2021


FIT:    data read from 'tmp_port_5.dat'
        format = z
        #datapoints = 10
        residuals are weighted equally (unit weight)

function used for fitting: f(x)
	f(x) = a+b*(x-x0)+c*(x-x0)**2+d*(x-x0)**3
fitted parameters initialized with current variable values

iter      chisq       delta/lim  lambda   a             b            
   0 2.2903749615e-02   0.00e+00  6.49e+00    9.004634e+00  -2.194912e+00
   1 2.2903749615e-02  -7.73e-10  6.49e-01    9.004634e+00  -2.194912e+00

After 1 iterations the fit converged.
final sum of squares of residuals : 0.0229037
rel. change during last iteration : -7.72545e-15

degrees of freedom    (FIT_NDF)                        : 8
rms of residuals      (FIT_STDFIT) = sqrt(WSSR/ndf)    : 0.0535067
variance of residuals (reduced chisquare) = WSSR/ndf   : 0.00286297

Final set of parameters            Asymptotic Standard Error
=======================            ==========================
a               = 9.00463          +/- 0.02402      (0.2668%)
b               = -2.19491         +/- 0.02924      (1.332%)

correlation matrix of the fit parameters:
                a      b      
a               1.000 
b              -0.710  1.000 


*******************************************************************************
Sun Aug 22 00:24:43 2021


FIT:    data read from 'tmp_port_5.dat'
        format = z
        #datapoints = 10
        residuals are weighted equally (unit weight)

function used for fitting: f(x)
	f(x) = a+b*(x-x0)+c*(x-x0)**2+d*(x-x0)**3
fitted parameters initialized with current variable values

iter      chisq       delta/lim  lambda   a             b            
   0 2.2732239186e-02   0.00e+00  6.49e+00    9.004634e+00  -2.194912e+00
   3 2.2716160044e-02  -1.77e-02  6.49e-03    9.004227e+00  -2.193057e+00

After 3 iterations the fit converged.
final sum of squares of residuals : 0.0227162
rel. change during last iteration : -1.76744e-07

degrees of freedom    (FIT_NDF)                        : 8
rms of residuals      (FIT_STDFIT) = sqrt(WSSR/ndf)    : 0.0532871
variance of residuals (reduced chisquare) = WSSR/ndf   : 0.00283952

Final set of parameters            Asymptotic Standard Error
=======================            ==========================
a               = 9.00423          +/- 0.02392      (0.2657%)
b               = -2.19306         +/- 0.02912      (1.328%)

correlation matrix of the fit parameters:
                a      b      
a               1.000 
b              -0.710  1.000 


*******************************************************************************
Sun Aug 22 00:24:47 2021


FIT:    data read from 'tmp_port_5.dat'
        format = z
        #datapoints = 10
        residuals are weighted equally (unit weight)

function used for fitting: f(x)
	f(x) = a+b*(x-x0)+c*(x-x0)**2+d*(x-x0)**3
fitted parameters initialized with current variable values

iter      chisq       delta/lim  lambda   a             b             c            
   0 2.2716160044e-02   0.00e+00  5.30e+00    9.004227e+00  -2.193057e+00  -1.000000e-03
   1 2.2716159427e-02  -2.71e-03  5.30e-01    9.004227e+00  -2.193057e+00  -1.000003e-03

After 1 iterations the fit converged.
final sum of squares of residuals : 0.0227162
rel. change during last iteration : -2.7145e-08

degrees of freedom    (FIT_NDF)                        : 7
rms of residuals      (FIT_STDFIT) = sqrt(WSSR/ndf)    : 0.0569664
variance of residuals (reduced chisquare) = WSSR/ndf   : 0.00324517

Final set of parameters            Asymptotic Standard Error
=======================            ==========================
a               = 9.00423          +/- 0.03218      (0.3574%)
b               = -2.19306         +/- 0.09434      (4.302%)
c               = -0.001           +/- 0.04799      (4799%)

correlation matrix of the fit parameters:
                a      b      c      
a               1.000 
b              -0.759  1.000 
c               0.607 -0.944  1.000 


*******************************************************************************
Sun Aug 22 00:25:08 2021


FIT:    data read from 'tmp_port_5.dat'
        format = z
        #datapoints = 10
        residuals are weighted equally (unit weight)

function used for fitting: f(x)
	f(x) = a+b*(x-x0)+c*(x-x0)**2+d*(x-x0)**3
fitted parameters initialized with current variable values

iter      chisq       delta/lim  lambda   a             b             c             d            
   0 2.3223407873e-02   0.00e+00  4.59e+00    9.004227e+00  -2.193057e+00  -1.000003e-03   1.000000e-03
   8 1.5973455602e-02  -8.00e-07  4.59e-08    8.975552e+00  -2.023568e+00  -1.577797e-01   3.512633e-02

After 8 iterations the fit converged.
final sum of squares of residuals : 0.0159735
rel. change during last iteration : -7.9982e-12

degrees of freedom    (FIT_NDF)                        : 6
rms of residuals      (FIT_STDFIT) = sqrt(WSSR/ndf)    : 0.0515969
variance of residuals (reduced chisquare) = WSSR/ndf   : 0.00266224

Final set of parameters            Asymptotic Standard Error
=======================            ==========================
a               = 8.97555          +/- 0.02939      (0.3275%)
b               = -2.02357         +/- 0.1311       (6.478%)
c               = -0.15778         +/- 0.1971       (124.9%)
d               = 0.0351263        +/- 0.07446      (212%)

correlation matrix of the fit parameters:
                a      b      c      d      
a               1.000 
b              -0.588  1.000 
c               0.258 -0.875  1.000 
d              -0.128  0.758 -0.975  1.000 


*******************************************************************************
Sun Aug 22 00:26:41 2021


FIT:    data read from 'tmp_port_5.dat'
        format = z
        #datapoints = 10
        residuals are weighted equally (unit weight)

function used for fitting: f(x)
	f(x) = a+b*(x-x0)+c*(x-x0)**2+d*(x-x0)**3
fitted parameters initialized with current variable values

iter      chisq       delta/lim  lambda   a             b             c            
   0 9.0225655548e-02   0.00e+00  5.27e+00    8.975552e+00  -2.023568e+00  -1.577797e-01
   5 1.6565898604e-02  -1.96e-04  5.27e-05    8.977328e+00  -2.070462e+00  -6.706771e-02

After 5 iterations the fit converged.
final sum of squares of residuals : 0.0165659
rel. change during last iteration : -1.96333e-09

degrees of freedom    (FIT_NDF)                        : 7
rms of residuals      (FIT_STDFIT) = sqrt(WSSR/ndf)    : 0.0486473
variance of residuals (reduced chisquare) = WSSR/ndf   : 0.00236656

Final set of parameters            Asymptotic Standard Error
=======================            ==========================
a               = 8.97733          +/- 0.02748      (0.3061%)
b               = -2.07046         +/- 0.08056      (3.891%)
c               = -0.0670677       +/- 0.04098      (61.11%)

correlation matrix of the fit parameters:
                a      b      c      
a               1.000 
b              -0.759  1.000 
c               0.607 -0.944  1.000 


*******************************************************************************
Sun Aug 22 00:27:03 2021


FIT:    data read from 'tmp_port_4.dat'
        format = z
        #datapoints = 10
        residuals are weighted equally (unit weight)

function used for fitting: f(x)
	f(x) = a+b*(x-x0)+c*(x-x0)**2+d*(x-x0)**3
fitted parameters initialized with current variable values

iter      chisq       delta/lim  lambda   a             b             c            
   0 1.8438585009e-02   0.00e+00  5.28e+00    8.977328e+00  -2.070462e+00  -6.706771e-02
   5 1.8377649691e-02  -1.12e-04  5.28e-05    8.975757e+00  -2.074778e+00  -6.416767e-02

After 5 iterations the fit converged.
final sum of squares of residuals : 0.0183776
rel. change during last iteration : -1.11634e-09

degrees of freedom    (FIT_NDF)                        : 7
rms of residuals      (FIT_STDFIT) = sqrt(WSSR/ndf)    : 0.0512384
variance of residuals (reduced chisquare) = WSSR/ndf   : 0.00262538

Final set of parameters            Asymptotic Standard Error
=======================            ==========================
a               = 8.97576          +/- 0.02892      (0.3222%)
b               = -2.07478         +/- 0.08497      (4.095%)
c               = -0.0641677       +/- 0.04323      (67.37%)

correlation matrix of the fit parameters:
                a      b      c      
a               1.000 
b              -0.759  1.000 
c               0.607 -0.944  1.000 


*******************************************************************************
Sun Aug 22 00:27:41 2021


FIT:    data read from 'tmp_port_13.dat'
        format = z
        #datapoints = 10
        residuals are weighted equally (unit weight)

function used for fitting: f(x)
	f(x) = a+b*(x-x0)+c*(x-x0)**2+d*(x-x0)**3
fitted parameters initialized with current variable values

iter      chisq       delta/lim  lambda   a             b             c            
   0 1.0037276475e-01   0.00e+00  5.21e+00    8.975757e+00  -2.074778e+00  -6.416767e-02
   6 2.5470284250e-03  -2.02e-05  5.21e-06    9.005052e+00  -1.970989e+00   2.618486e-02

After 6 iterations the fit converged.
final sum of squares of residuals : 0.00254703
rel. change during last iteration : -2.02414e-10

degrees of freedom    (FIT_NDF)                        : 7
rms of residuals      (FIT_STDFIT) = sqrt(WSSR/ndf)    : 0.0190751
variance of residuals (reduced chisquare) = WSSR/ndf   : 0.000363861

Final set of parameters            Asymptotic Standard Error
=======================            ==========================
a               = 9.00505          +/- 0.009103     (0.1011%)
b               = -1.97099         +/- 0.04587      (2.327%)
c               = 0.0261849        +/- 0.05419      (207%)

correlation matrix of the fit parameters:
                a      b      c      
a               1.000 
b              -0.543  1.000 
c               0.276 -0.908  1.000 


*******************************************************************************
Sun Aug 22 00:27:46 2021


FIT:    data read from 'tmp_port_13.dat'
        format = z
        #datapoints = 10
        residuals are weighted equally (unit weight)

function used for fitting: f(x)
	f(x) = a+b*(x-x0)+c*(x-x0)**2+d*(x-x0)**3
fitted parameters initialized with current variable values

iter      chisq       delta/lim  lambda   a             b             c            
   0 2.5470284250e-03   0.00e+00  5.22e+00    9.005052e+00  -1.970989e+00   2.618486e-02
   1 2.5470284250e-03   0.00e+00  5.22e+00    9.005052e+00  -1.970989e+00   2.618486e-02

After 1 iterations the fit converged.
final sum of squares of residuals : 0.00254703
rel. change during last iteration : 0

degrees of freedom    (FIT_NDF)                        : 7
rms of residuals      (FIT_STDFIT) = sqrt(WSSR/ndf)    : 0.0190751
variance of residuals (reduced chisquare) = WSSR/ndf   : 0.000363861

Final set of parameters            Asymptotic Standard Error
=======================            ==========================
a               = 9.00505          +/- 0.009103     (0.1011%)
b               = -1.97099         +/- 0.04587      (2.327%)
c               = 0.0261849        +/- 0.05419      (207%)

correlation matrix of the fit parameters:
                a      b      c      
a               1.000 
b              -0.543  1.000 
c               0.276 -0.908  1.000 
