starting analysis exp tmox42619 for run 292
{'xtcav', 'hsd', 'xgmd', 'gmd', 'epicsinfo', 'pcav', 'timing', 'ebeam', 'andor'}
0
50
100
150
200
250
300
350
400
450
500
550
600
650
700
750
800
850
900
950
1000
1050
1100
1150
1200
1250
1300
1350
1400
1450
1500
1550
1600
1650
1700
1750
1800
1850
1900
1950
2000
2050
2100
2131 skip per l3
2150
2200
2250
2300
2350
2400
2450
2500
2550
2600
2650
2700
2750
2800
2850
2900
2950
3000
3050
3100
3150
3200
3250
3300
3350
3400
3450
3500
3550
3600
3650
3700
3750
3800
3850
3900
3950
4000
4050
4100
4150
4200
4250
4300
4350
4400
4450
4500
4550
4600
4650
4700
4750
4800
4850
4900
4950
5000
5050
5100
5150
5200
5250
5300
5350
5400
5450
5500
5550
5600
5650
5700
5750
5800
5850
5900
5950
6000
6050
6100
6150
6200
6250
6300
6350
6400
6450
6500
6550
6600
6650
6700
6750
6800
6850
6900
6950
7000
7050
7100
7150
7200
7250
7300
7350
7400
7450
7500
7550
7600
7650
7700
7750
7800
7850
7900
7950
8000
8050
8100
8150
8200
8250
8300
8350
8400
8450
8500
8550
8600
8650
8700
8750
8800
8850
8900
8950
9000
9050
9100
9150
9200
9250
9300
9350
9400
9450
9500
9550
9600
9650
9700
9750
9800
9850
9900
9950
10000
10050
10100
10150
10200
10250
10300
10350
10400
10450
10500
10550
10600
10650
10700
10750
10800
10850
10900
10950
11000
11050
11100
11150
11200
11250
11300
11350
11400
11450
11500
11550
11600
11650
11700
11750
11800
11850
11900
11950
12000
12050
12100
12150
12200
12250
12300
12350
12400
12450
12500
12550
12600
12650
12700
12750
12800
12850
12900
12950
13000
13050
13100
13150
13200
13250
13300
13350
13400
13450
13500
13550
13600
13650
13700
13750
13800
13850
13900
13950
14000
14050
14100
14150
14200
14250
14300
14350
14400
14450
14500
14550
14600
14650
14700
14750
14800
14850
14900
14950
15000
15050
15100
15150
15200
15250
15300
15350
15400
15450
15500
15550
15600
15650
15700
15750
15800
15850
15900
15950
16000
16050
16100
16150
16200
16250
16300
16350
16400
16450
16500
16550
16600
16650
16700
16750
16800
16850
16900
16950
17000
17050
17100
17150
17200
17250
17300
17350
17400
17450
17500
17550
17600
17650
17700
17750
17800
17850
17900
17950
18000
18050
18100
18150
18200
18250
18300
18350
18400
18450
18500
18550
18600
18650
18700
18750
18800
18850
18900
18950
19000
19050
19100
19150
19200
19250
19300
19350
19400
19450
19500
19550
19600
19650
19700
19750
19800
19850
19900
19950
20000
20050
20100
20150
20200
20250
20300
20350
20400
20450
20500
20550
20600
20650
20700
20750
20800
20850
20900
20928 skip per l3
20950
21000
21050
21100
21150
21200
21250
21300
21350
21400
21450
21500
21550
21600
21650
21700
21750
21800
21850
21900
21950
22000
22050
22100
22150
22200
22250
22300
22350
22400
22450
22500
22550
22600
22650
22700
22750
22800
22850
22900
22950
23000
23050
23100
23150
23200
23250
23300
23350
23400
23450
23500
23550
23600
23650
23700
23750
23800
23850
23900
23950
24000
24050
24100
24150
24200
24250
24300
24350
24400
24450
24500
24550
24600
24650
24700
24750
24800
24850
24900
24950
25000
25050
25100
25150
25200
25250
25300
25350
25400
25450
25500
25550
25600
25650
25700
25750
25800
25850
25900
25950
26000
26050
26100
26150
26200
26250
26300
26350
26400
26450
26500
26550
26600
26650
26700
26750
26800
26850
26900
26950
27000
27050
27100
27150
27200
27250
27300
27350
27400
27450
27500
27550
27600
27650
27700
27750
27800
27850
27900
27950
28000
28050
28100
28150
28200
28250
28300
28350
28400
28450
28500
28550
28600
28650
28700
28750
28800
28850
28900
28950
29000
29050
29100
29150
29200
29250
29300
29350
29400
29450
29500
29550
29600
29650
29700
29750
29800
29850
29900
29950
30000
30050
30100
30150
30200
30250
30300
30350
30400
30450
30500
30550
30600
30650
30700
30750
30800
30850
30900
30950
31000
31050
31100
31150
31200
31250
31300
31350
31400
31450
31500
31550
31600
31650
31700
31750
31800
31850
31900
31950
32000
32050
32100
32150
32200
32250
32300
32350
32400
32450
32500
32550
32600
32650
32700
32750
32800
32850
32900
32928 skip per l3
32950
33000
33050
33100
33150
33200
33250
33300
33350
33400
33450
33500
33550
33600
33650
33700
33750
33800
33850
33900
33950
34000
34050
34100
34150
34200
34250
34300
34350
34400
34450
34500
34550
34600
34650
34700
34750
34800
34850
34900
34950
35000
35050
35100
35150
35200
35250
35300
35350
35400
35450
35500
35550
35600
35650
35700
35750
35800
35850
35900
35950
36000
36050
36100
36150
36200
36250
36300
36350
36400
36450
36500
36550
36600
36650
36700
36750
36800
36850
36900
36950
37000
37050
37100
37150
37200
37250
37300
37350
37400
37450
37494 skip per l3
37500
37550
37600
37650
37700
37750
37800
37850
37900
37950
38000
38050
38100
38150
38200
38250
38300
38350
38400
38450
38500
38550
38600
38650
38700
38750
38800
38850
38900
38950
39000
39050
39100
39150
39200
39250
39300
39350
39400
39450
39500
39550
39600
39650
39700
39750
39800
39850
39900
39950
40000
40050
40100
40150
40200
40250
40300
40350
40400
40450
40500
40550
40600
40650
40700
40750
40800
40850
40900
40950
41000
41050
41100
41150
41200
41250
41300
41350
41400
41450
41500
41550
41600
41650
41700
41750
41800
41850
41900
41950
42000
42050
42100
42150
42200
42250
42300
42350
42400
42450
42500
42550
42600
42650
42700
42750
42800
42850
42900
42950
43000
43050
43100
43150
43200
43250
43300
43350
43400
43450
43500
43550
43600
43650
43700
43750
43800
43850
43900
43950
44000
44050
44100
44150
44200
44250
44300
44350
44400
44450
44500
44550
44600
44650
44700
44750
44800
44850
44900
44950
45000
45050
45100
45150
45200
45250
45300
45350
45400
45450
45500
45550
45600
45650
45700
45750
45800
45850
45900
45950
46000
46050
46100
46150
46200
46250
46300
46350
46400
46450
46500
46550
46600
46650
46700
46750
46800
46850
46900
46950
47000
47050
47100
47150
47200
47250
47300
47350
47400
47450
47500
47550
47600
47650
47700
47750
47800
47850
47900
47950
48000
48050
48100
48150
48200
48250
48300
48350
48400
48450
48500
48550
48600
48650
48700
48750
48800
48850
48900
48950
49000
49050
49100
49150
49200
49250
49300
49350
49400
49450
49500
49550
49600
49650
49700
49750
49800
49850
49900
49950
50000
50050
50100
50150
50200
50250
50300
50350
50400
50450
50500
50550
50600
50650
50700
50750
50800
50850
50900
50950
51000
51050
51100
51150
51200
51250
51300
51350
51400
51450
51500
51550
51600
51650
51700
51750
51800
51850
51900
51950
52000
52050
52100
52150
52200
52250
52300
52350
52400
52450
52500
52550
52600
52650
52700
52750
52800
52850
52900
52950
53000
53050
53100
53150
53200
53250
53300
53350
53400
53450
53500
53550
53600
53650
53700
53750
53800
53850
53900
53950
54000
54050
54100
54150
54200
54250
54300
54350
54400
54450
54500
54550
54600
54650
54700
54750
54800
54850
54900
54950
55000
55050
55100
55150
55160 skip per l3
55161 skip per l3
55162 skip per l3
55163 skip per l3
55164 skip per l3
55165 skip per l3
55166 skip per l3
55167 skip per l3
55168 skip per l3
55169 skip per l3
55170 skip per l3
55171 skip per l3
55172 skip per l3
55173 skip per l3
55174 skip per l3
55175 skip per l3
55176 skip per l3
55177 skip per l3
55178 skip per l3
55179 skip per l3
55180 skip per l3
55181 skip per l3
55182 skip per l3
55183 skip per l3
55184 skip per l3
55185 skip per l3
55186 skip per l3
55187 skip per l3
55188 skip per l3
55189 skip per l3
55190 skip per l3
55191 skip per l3
55192 skip per l3
55193 skip per l3
55194 skip per l3
55195 skip per l3
55196 skip per l3
55197 skip per l3
55198 skip per l3
55199 skip per l3
55200 skip per l3
55201 skip per l3
55202 skip per l3
55203 skip per l3
55204 skip per l3
55205 skip per l3
55206 skip per l3
55207 skip per l3
55208 skip per l3
55209 skip per l3
55210 skip per l3
55211 skip per l3
55212 skip per l3
55213 skip per l3
55214 skip per l3
55215 skip per l3
55216 skip per l3
55217 skip per l3
55218 skip per l3
55219 skip per l3
55220 skip per l3
55221 skip per l3
55222 skip per l3
55223 skip per l3
55224 skip per l3
55225 skip per l3
55226 skip per l3
55227 skip per l3
55228 skip per l3
55229 skip per l3
55230 skip per l3
55231 skip per l3
55232 skip per l3
55233 skip per l3
55234 skip per l3
55235 skip per l3
55236 skip per l3
55237 skip per l3
55238 skip per l3
55239 skip per l3
55240 skip per l3
55241 skip per l3
55242 skip per l3
55243 skip per l3
55244 skip per l3
55245 skip per l3
55246 skip per l3
55247 skip per l3
55248 skip per l3
55249 skip per l3
55250 skip per l3
55251 skip per l3
55252 skip per l3
55253 skip per l3
55254 skip per l3
55255 skip per l3
55256 skip per l3
55257 skip per l3
55258 skip per l3
55259 skip per l3
55260 skip per l3
55261 skip per l3
55262 skip per l3
55263 skip per l3
55264 skip per l3
55265 skip per l3
55266 skip per l3
55267 skip per l3
55268 skip per l3
55269 skip per l3
55270 skip per l3
55271 skip per l3
55272 skip per l3
55273 skip per l3
55274 skip per l3
55275 skip per l3
55276 skip per l3
55277 skip per l3
55278 skip per l3
55279 skip per l3
55280 skip per l3
55281 skip per l3
55282 skip per l3
55283 skip per l3
55284 skip per l3
55285 skip per l3
55286 skip per l3
55287 skip per l3
55288 skip per l3
55289 skip per l3
55290 skip per l3
55291 skip per l3
55292 skip per l3
55293 skip per l3
55294 skip per l3
55295 skip per l3
55296 skip per l3
55297 skip per l3
55298 skip per l3
55299 skip per l3
55300 skip per l3
55301 skip per l3
55302 skip per l3
55303 skip per l3
55304 skip per l3
55305 skip per l3
55306 skip per l3
55307 skip per l3
55308 skip per l3
55309 skip per l3
55310 skip per l3
55311 skip per l3
55312 skip per l3
55313 skip per l3
55314 skip per l3
55315 skip per l3
55316 skip per l3
55317 skip per l3
55318 skip per l3
55319 skip per l3
55320 skip per l3
55321 skip per l3
55322 skip per l3
55323 skip per l3
55324 skip per l3
55325 skip per l3
55326 skip per l3
55327 skip per l3
55328 skip per l3
55329 skip per l3
55330 skip per l3
55331 skip per l3
55332 skip per l3
55333 skip per l3
55334 skip per l3
55335 skip per l3
55336 skip per l3
55337 skip per l3
55338 skip per l3
55339 skip per l3
55340 skip per l3
55341 skip per l3
55342 skip per l3
55343 skip per l3
55344 skip per l3
55345 skip per l3
55346 skip per l3
55347 skip per l3
55348 skip per l3
55349 skip per l3
55350 skip per l3
55351 skip per l3
55352 skip per l3
55353 skip per l3
55354 skip per l3
55355 skip per l3
55356 skip per l3
55357 skip per l3
55358 skip per l3
55359 skip per l3
55360 skip per l3
55361 skip per l3
55362 skip per l3
55363 skip per l3
55364 skip per l3
55365 skip per l3
55366 skip per l3
55367 skip per l3
55368 skip per l3
55369 skip per l3
55370 skip per l3
55371 skip per l3
55372 skip per l3
55373 skip per l3
55374 skip per l3
55375 skip per l3
55376 skip per l3
55377 skip per l3
55378 skip per l3
55379 skip per l3
55380 skip per l3
55381 skip per l3
55382 skip per l3
55383 skip per l3
55384 skip per l3
55385 skip per l3
55386 skip per l3
55387 skip per l3
55388 skip per l3
55389 skip per l3
55390 skip per l3
55391 skip per l3
55392 skip per l3
55393 skip per l3
55394 skip per l3
55395 skip per l3
55396 skip per l3
55397 skip per l3
55398 skip per l3
55399 skip per l3
55400 skip per l3
55401 skip per l3
55402 skip per l3
55403 skip per l3
55404 skip per l3
55405 skip per l3
55406 skip per l3
55407 skip per l3
55408 skip per l3
55409 skip per l3
55410 skip per l3
55411 skip per l3
55412 skip per l3
55413 skip per l3
55414 skip per l3
55415 skip per l3
55416 skip per l3
55417 skip per l3
55418 skip per l3
55419 skip per l3
55420 skip per l3
55421 skip per l3
55422 skip per l3
55423 skip per l3
55424 skip per l3
55425 skip per l3
55426 skip per l3
55427 skip per l3
55428 skip per l3
55429 skip per l3
55430 skip per l3
55431 skip per l3
55432 skip per l3
55433 skip per l3
55434 skip per l3
55435 skip per l3
55436 skip per l3
55437 skip per l3
55438 skip per l3
55439 skip per l3
55440 skip per l3
55441 skip per l3
55442 skip per l3
55443 skip per l3
55444 skip per l3
55445 skip per l3
55446 skip per l3
55447 skip per l3
55448 skip per l3
55449 skip per l3
55450 skip per l3
55451 skip per l3
55452 skip per l3
55453 skip per l3
55454 skip per l3
55455 skip per l3
55456 skip per l3
55457 skip per l3
55458 skip per l3
55459 skip per l3
55460 skip per l3
55461 skip per l3
55462 skip per l3
55463 skip per l3
55464 skip per l3
55465 skip per l3
55466 skip per l3
55467 skip per l3
55468 skip per l3
55469 skip per l3
55470 skip per l3
55471 skip per l3
55472 skip per l3
55473 skip per l3
55474 skip per l3
55475 skip per l3
55476 skip per l3
55477 skip per l3
55478 skip per l3
55479 skip per l3
55480 skip per l3
55481 skip per l3
55482 skip per l3
55483 skip per l3
55484 skip per l3
55485 skip per l3
55486 skip per l3
55487 skip per l3
55488 skip per l3
55489 skip per l3
55490 skip per l3
55491 skip per l3
55492 skip per l3
55493 skip per l3
55494 skip per l3
55495 skip per l3
55496 skip per l3
55497 skip per l3
55498 skip per l3
55499 skip per l3
55500 skip per l3
55501 skip per l3
55502 skip per l3
55503 skip per l3
55504 skip per l3
55505 skip per l3
55506 skip per l3
55507 skip per l3
55508 skip per l3
55509 skip per l3
55510 skip per l3
55511 skip per l3
55512 skip per l3
55513 skip per l3
55514 skip per l3
55515 skip per l3
55516 skip per l3
55517 skip per l3
55518 skip per l3
55519 skip per l3
55520 skip per l3
55521 skip per l3
55522 skip per l3
55523 skip per l3
55524 skip per l3
55525 skip per l3
55526 skip per l3
55527 skip per l3
55528 skip per l3
55529 skip per l3
55530 skip per l3
55531 skip per l3
55532 skip per l3
55533 skip per l3
55534 skip per l3
55535 skip per l3
55536 skip per l3
55537 skip per l3
55538 skip per l3
55539 skip per l3
55540 skip per l3
55541 skip per l3
55542 skip per l3
55543 skip per l3
55544 skip per l3
55545 skip per l3
55546 skip per l3
55547 skip per l3
55548 skip per l3
55549 skip per l3
55550 skip per l3
55551 skip per l3
55552 skip per l3
55553 skip per l3
55554 skip per l3
55555 skip per l3
55556 skip per l3
55557 skip per l3
55558 skip per l3
55559 skip per l3
55560 skip per l3
55561 skip per l3
55562 skip per l3
55563 skip per l3
55564 skip per l3
55565 skip per l3
55566 skip per l3
55567 skip per l3
55568 skip per l3
55569 skip per l3
55570 skip per l3
55571 skip per l3
55572 skip per l3
55573 skip per l3
55574 skip per l3
55575 skip per l3
55576 skip per l3
55577 skip per l3
55578 skip per l3
55579 skip per l3
55580 skip per l3
55581 skip per l3
55582 skip per l3
55583 skip per l3
55584 skip per l3
55585 skip per l3
55586 skip per l3
55587 skip per l3
55588 skip per l3
55589 skip per l3
55590 skip per l3
55591 skip per l3
55592 skip per l3
55593 skip per l3
55594 skip per l3
55595 skip per l3
55596 skip per l3
55597 skip per l3
55598 skip per l3
55599 skip per l3
55600 skip per l3
55601 skip per l3
55602 skip per l3
55603 skip per l3
55604 skip per l3
55605 skip per l3
55606 skip per l3
55607 skip per l3
55608 skip per l3
55609 skip per l3
55610 skip per l3
55611 skip per l3
55612 skip per l3
55613 skip per l3
55614 skip per l3
55615 skip per l3
55616 skip per l3
55617 skip per l3
55618 skip per l3
55619 skip per l3
55620 skip per l3
55621 skip per l3
55622 skip per l3
55623 skip per l3
55624 skip per l3
55625 skip per l3
55626 skip per l3
55627 skip per l3
55628 skip per l3
55629 skip per l3
55630 skip per l3
55631 skip per l3
55632 skip per l3
55633 skip per l3
55634 skip per l3
55635 skip per l3
55636 skip per l3
55637 skip per l3
55638 skip per l3
55639 skip per l3
55640 skip per l3
55641 skip per l3
55642 skip per l3
55643 skip per l3
55644 skip per l3
55645 skip per l3
55646 skip per l3
55647 skip per l3
55648 skip per l3
55649 skip per l3
55650 skip per l3
55651 skip per l3
55652 skip per l3
55653 skip per l3
55654 skip per l3
55655 skip per l3
55656 skip per l3
55657 skip per l3
55658 skip per l3
55659 skip per l3
55660 skip per l3
55661 skip per l3
55662 skip per l3
55663 skip per l3
55664 skip per l3
55665 skip per l3
55666 skip per l3
55667 skip per l3
55668 skip per l3
55669 skip per l3
55670 skip per l3
55671 skip per l3
55672 skip per l3
55673 skip per l3
55674 skip per l3
55675 skip per l3
55676 skip per l3
55677 skip per l3
55678 skip per l3
55679 skip per l3
55680 skip per l3
55681 skip per l3
55682 skip per l3
55683 skip per l3
55684 skip per l3
55685 skip per l3
55686 skip per l3
55687 skip per l3
55688 skip per l3
55689 skip per l3
55690 skip per l3
55691 skip per l3
55692 skip per l3
55693 skip per l3
55694 skip per l3
55695 skip per l3
55696 skip per l3
55697 skip per l3
55698 skip per l3
55699 skip per l3
55700 skip per l3
55701 skip per l3
55702 skip per l3
55703 skip per l3
55704 skip per l3
55705 skip per l3
55706 skip per l3
55707 skip per l3
55708 skip per l3
55709 skip per l3
55710 skip per l3
55711 skip per l3
55712 skip per l3
55713 skip per l3
55714 skip per l3
55715 skip per l3
55716 skip per l3
55717 skip per l3
55718 skip per l3
55719 skip per l3
55720 skip per l3
55721 skip per l3
55722 skip per l3
55723 skip per l3
55724 skip per l3
55725 skip per l3
55726 skip per l3
55727 skip per l3
55728 skip per l3
55729 skip per l3
55730 skip per l3
55731 skip per l3
55732 skip per l3
55733 skip per l3
55734 skip per l3
55735 skip per l3
55736 skip per l3
55737 skip per l3
55738 skip per l3
55739 skip per l3
55740 skip per l3
55741 skip per l3
55742 skip per l3
55743 skip per l3
55744 skip per l3
55745 skip per l3
55746 skip per l3
55747 skip per l3
55748 skip per l3
55749 skip per l3
55750 skip per l3
55751 skip per l3
55752 skip per l3
55753 skip per l3
55754 skip per l3
55755 skip per l3
55756 skip per l3
55757 skip per l3
55758 skip per l3
55759 skip per l3
55760 skip per l3
55761 skip per l3
55762 skip per l3
55763 skip per l3
55764 skip per l3
55765 skip per l3
55766 skip per l3
55767 skip per l3
55768 skip per l3
55769 skip per l3
55770 skip per l3
55771 skip per l3
55772 skip per l3
55773 skip per l3
55774 skip per l3
55775 skip per l3
55776 skip per l3
55777 skip per l3
55778 skip per l3
55800
55850
55900
55950
56000
56050
56100
56150
56200
56250
56300
56350
56400
56450
56500
56550
56600
56650
56700
56750
56800
56850
56900
56950
57000
57050
57100
57150
57200
57250
57300
57350
57400
57450
57500
57550
57600
57650
57700
57750
57800
57850
57900
57950
58000
58050
58100
58150
58200
58250
58300
58350
58400
58450
58500
58550
58600
58650
58700
58750
58800
58850
58900
58950
59000
59050
59100
59150
59200
59250
59300
59350
59400
59450
59500
59550
59600
59650
59700
59750
59800
59850
59900
59950
60000
60050
60100
60150
60200
60250
60300
60350
60400
60450
60500
60550
60600
60650
60700
60750
60800
60850
60900
60950
61000
61050
61100
61150
61200
61250
61300
61350
61400
61450
61500
61550
61600
61650
61700
61750
61800
61850
61900
61950
62000
62050
62100
62150
62200
62250
62300
62350
62400
62450
62500
62550
62600
62650
62700
62750
62800
62850
62900
62950
63000
63050
63100
63150
63200
63250
63300
63350
63400
63450
63500
63550
63600
63650
63700
63750
63800
63850
63900
63950
64000
64050
64100
64150
64200
64250
64300
64350
64400
64450
64500
64550
64600
64650
64700
64750
64800
64850
64900
64950
65000
65050
65100
65150
65200
65250
65300
65350
65400
65450
65500
65550
65600
65650
65700
65750
65800
65850
65900
65950
66000
66050
66100
66150
66200
66250
66300
66350
66400
66450
66500
66550
66600
66650
66700
66750
66800
66850
66900
66950
67000
67050
67100
67150
67200
67250
67300
67350
67400
67450
67500
67550
67600
67650
67700
67750
67800
67850
67900
67950
68000
68050
68100
68150
68200
68250
68300
68350
68400
68450
68500
68550
68600
68650
68700
68750
68800
68850
68900
68950
69000
69050
69100
69150
69200
69250
69300
69350
69400
69450
69500
69550
69600
69650
69700
69750
69800
69850
69900
69950
70000
70050
70100
70150
70200
70250
70300
70350
70400
70450
70500
70550
70600
70650
70700
70750
70800
70850
70900
70950
71000
71050
71100
71150
71200
71250
71300
71350
71400
71450
71500
71550
71600
71650
71700
71750
71800
71850
71900
71950
72000
72025 skip per vls
Hello, I'm done now!
